<?xml version="1.0" encoding="UTF-8"?>
<!-- Generated by org.testng.reporters.JUnitReportReporter -->
<testsuite hostname="DESKTOP-FUJRL4L" failures="0" tests="4" name="testcases.TC0006_Links_Test" time="22.867" errors="0" timestamp="2023-09-19T20:27:49 IST" skipped="0">
  <testcase classname="testcases.TC0006_Links_Test" name="links_Button_Click" time="0.471"/>
  <testcase classname="testcases.TC0006_Links_Test" name="links_GetTextAll_Links" time="0.307"/>
  <testcase classname="testcases.TC0006_Links_Test" name="links_Click_Home_Links" time="21.391"/>
  <testcase classname="testcases.TC0006_Links_Test" name="tear" time="0.698"/>
</testsuite> <!-- testcases.TC0006_Links_Test -->
