<?xml version="1.0" encoding="UTF-8"?>
<!-- Generated by org.testng.reporters.JUnitReportReporter -->
<testsuite hostname="DESKTOP-FUJRL4L" failures="0" tests="1" name="testcacses.OpenBrowserAndURL" time="17.792" errors="0" timestamp="2023-09-18T21:13:38 IST" skipped="0">
  <testcase classname="testcacses.OpenBrowserAndURL" name="openBrowserAndURL" time="17.792"/>
  <system-out>
    <![CDATA[Click to see Screenshot
<a target="_blank" href=Mon_Sep_18_21_13_34_IST_2023.jpg>Screenshot</a>
<br>
<br>
<a target="_blank" href=Mon_Sep_18_21_13_34_IST_2023.jpg><img src=Mon_Sep_18_21_13_34_IST_2023.jpg height=200 width=200></img></a>
Click to see Screenshot
<a target="_blank" href=Mon_Sep_18_21_13_36_IST_2023.jpg>Screenshot</a>
<br>
<br>
<a target="_blank" href=Mon_Sep_18_21_13_36_IST_2023.jpg><img src=Mon_Sep_18_21_13_36_IST_2023.jpg height=200 width=200></img></a>]]>
  </system-out>
</testsuite> <!-- testcacses.OpenBrowserAndURL -->
