<?xml version="1.0" encoding="UTF-8"?>
<!-- Generated by org.testng.reporters.JUnitReportReporter -->
<testsuite hostname="DESKTOP-FUJRL4L" failures="0" tests="1" name="testcases.OpenBrowserAndURL" time="12.098" errors="0" timestamp="2023-09-19T22:43:16 IST" skipped="0">
  <testcase classname="testcases.OpenBrowserAndURL" name="openBrowserAndURL" time="12.098"/>
</testsuite> <!-- testcases.OpenBrowserAndURL -->
