<?xml version="1.0" encoding="UTF-8"?>
<!-- Generated by org.testng.reporters.JUnitReportReporter -->
<testsuite hostname="DESKTOP-FUJRL4L" failures="0" tests="2" name="testcases.TC0009_dynamicProperties_Test" time="5.880" errors="0" timestamp="2023-09-19T14:24:11 IST" skipped="0">
  <testcase classname="testcases.TC0009_dynamicProperties_Test" name="dynamic_Properties_Button_Click" time="5.358"/>
  <testcase classname="testcases.TC0009_dynamicProperties_Test" name="tear" time="0.522"/>
</testsuite> <!-- testcases.TC0009_dynamicProperties_Test -->
