<?xml version="1.0" encoding="UTF-8"?>
<!-- Generated by org.testng.reporters.JUnitReportReporter -->
<testsuite hostname="DESKTOP-FUJRL4L" failures="0" tests="3" name="testcases.TC0003_RadioButton_Test" time="4.370" errors="0" timestamp="2023-09-19T20:21:06 IST" skipped="0">
  <testcase classname="testcases.TC0003_RadioButton_Test" name="radio_Button_Click" time="2.434"/>
  <testcase classname="testcases.TC0003_RadioButton_Test" name="radio_Button_Select_Options" time="1.301"/>
  <testcase classname="testcases.TC0003_RadioButton_Test" name="teardown" time="0.635"/>
</testsuite> <!-- testcases.TC0003_RadioButton_Test -->
