<?xml version="1.0" encoding="UTF-8"?>
<!-- Generated by org.testng.reporters.JUnitReportReporter -->
<testsuite hostname="DESKTOP-FUJRL4L" failures="0" tests="5" name="testcases.TC0002_CheckBox_Test" time="19.305" errors="0" timestamp="2023-09-19T14:24:11 IST" skipped="0">
  <testcase classname="testcases.TC0002_CheckBox_Test" name="CheckBox_Link_Click" time="1.144"/>
  <testcase classname="testcases.TC0002_CheckBox_Test" name="CheckBox_Home_Dropdown_Click" time="1.092"/>
  <testcase classname="testcases.TC0002_CheckBox_Test" name="checkBox_Select_Items" time="16.299"/>
  <testcase classname="testcases.TC0002_CheckBox_Test" name="checkBox_GetText" time="0.235"/>
  <testcase classname="testcases.TC0002_CheckBox_Test" name="teardown" time="0.535"/>
</testsuite> <!-- testcases.TC0002_CheckBox_Test -->
