<?xml version="1.0" encoding="UTF-8"?>
<!-- Generated by org.testng.reporters.JUnitReportReporter -->
<testsuite hostname="DESKTOP-FUJRL4L" failures="0" tests="3" name="testcases.TC0010_PractiesForm_Test" time="32.109" errors="0" timestamp="2023-09-19T20:56:11 IST" skipped="0">
  <testcase classname="testcases.TC0010_PractiesForm_Test" name="dynamic_Properties_Button_Click" time="0.455"/>
  <testcase classname="testcases.TC0010_PractiesForm_Test" name="dynamic_Properties_EnterForm" time="30.967"/>
  <testcase classname="testcases.TC0010_PractiesForm_Test" name="teardown" time="0.687"/>
</testsuite> <!-- testcases.TC0010_PractiesForm_Test -->
