<?xml version="1.0" encoding="UTF-8"?>
<!-- Generated by org.testng.reporters.JUnitReportReporter -->
<testsuite hostname="DESKTOP-FUJRL4L" failures="0" tests="4" name="testcases.TC0001_TextBox_Test" time="8.443" errors="0" timestamp="2023-09-19T14:24:11 IST" skipped="0">
  <testcase classname="testcases.TC0001_TextBox_Test" name="textBox_Link_Click" time="1.179"/>
  <testcase classname="testcases.TC0001_TextBox_Test" name="textBox_Fill_The_Form_And_Print" time="3.388"/>
  <testcase classname="testcases.TC0001_TextBox_Test" name="textBox_Fill_The_Form_And_Print" time="3.257"/>
  <testcase classname="testcases.TC0001_TextBox_Test" name="teardown" time="0.619"/>
</testsuite> <!-- testcases.TC0001_TextBox_Test -->
