<?xml version="1.0" encoding="UTF-8"?>
<!-- Generated by org.testng.reporters.JUnitReportReporter -->
<testsuite hostname="DESKTOP-FUJRL4L" failures="0" tests="3" name="testcases.TC0008_Upload_And_Download_Test" time="7.556" errors="0" timestamp="2023-09-19T20:46:40 IST" skipped="0">
  <testcase classname="testcases.TC0008_Upload_And_Download_Test" name="upload_And_Download_Button_Click" time="1.309"/>
  <testcase classname="testcases.TC0008_Upload_And_Download_Test" name="upload_And_Download_Upload_File" time="5.539"/>
  <testcase classname="testcases.TC0008_Upload_And_Download_Test" name="tear" time="0.708"/>
</testsuite> <!-- testcases.TC0008_Upload_And_Download_Test -->
