<?xml version="1.0" encoding="UTF-8"?>
<!-- Generated by org.testng.reporters.JUnitReportReporter -->
<testsuite hostname="DESKTOP-FUJRL4L" failures="0" tests="8" name="testcases.TC0004_WebTable_Test" time="44.735" errors="0" timestamp="2023-09-19T20:10:55 IST" skipped="0">
  <testcase classname="testcases.TC0004_WebTable_Test" name="webTable_Button_Click" time="5.345"/>
  <testcase classname="testcases.TC0004_WebTable_Test" name="webTable_Enter_Values" time="5.909"/>
  <testcase classname="testcases.TC0004_WebTable_Test" name="webTable_Enter_Values" time="5.889"/>
  <testcase classname="testcases.TC0004_WebTable_Test" name="webTable_Print_After_Adding_Values" time="2.525"/>
  <testcase classname="testcases.TC0004_WebTable_Test" name="webTable_Serching" time="11.218"/>
  <testcase classname="testcases.TC0004_WebTable_Test" name="webTable_Serching" time="10.926"/>
  <testcase classname="testcases.TC0004_WebTable_Test" name="webTable_Print_After_Deleted_Table" time="2.275"/>
  <testcase classname="testcases.TC0004_WebTable_Test" name="teardown" time="0.648"/>
</testsuite> <!-- testcases.TC0004_WebTable_Test -->
