<?xml version="1.0" encoding="UTF-8"?>
<!-- Generated by org.testng.reporters.JUnitReportReporter -->
<testsuite hostname="DESKTOP-FUJRL4L" failures="0" tests="4" name="testcases.TC0007_Broken_Links_Images_Test" time="24.550" errors="0" timestamp="2023-09-19T20:35:54 IST" skipped="0">
  <testcase classname="testcases.TC0007_Broken_Links_Images_Test" name="brokenLinks_Button_Click" time="1.355"/>
  <testcase classname="testcases.TC0007_Broken_Links_Images_Test" name="brokenLinks_Get_All_Links_Images_GetText" time="4.165"/>
  <testcase classname="testcases.TC0007_Broken_Links_Images_Test" name="brokenLinks_Click_Links" time="18.453"/>
  <testcase classname="testcases.TC0007_Broken_Links_Images_Test" name="tear" time="0.577"/>
</testsuite> <!-- testcases.TC0007_Broken_Links_Images_Test -->
